<?xml version="1.0" encoding="UTF-8"?>
<testng-results skipped="0" failed="0" ignored="0" total="1" passed="1">
  <reporter-output>
  </reporter-output>
  <suite name="Suite" duration-ms="8340" started-at="2022-07-01T15:21:47 IST" finished-at="2022-07-01T15:21:55 IST">
    <groups>
      <group name="Sanity">
        <method signature="VerifyPageTitles.verifyloginPageTitles()[pri:0, instance:com.actitime.test.VerifyPageTitles@4bb4de6a]" name="verifyloginPageTitles" class="com.actitime.test.VerifyPageTitles"/>
      </group> <!-- Sanity -->
    </groups>
    <test name="Test" duration-ms="8340" started-at="2022-07-01T15:21:47 IST" finished-at="2022-07-01T15:21:55 IST">
      <class name="com.actitime.test.VerifyPageTitles">
        <test-method status="PASS" signature="extentReport()[pri:0, instance:com.actitime.test.VerifyPageTitles@4bb4de6a]" name="extentReport" is-config="true" duration-ms="181" started-at="2022-07-01T15:21:47 IST" finished-at="2022-07-01T15:21:47 IST">
          <reporter-output>
          </reporter-output>
        </test-method> <!-- extentReport -->
        <test-method status="PASS" signature="launchApp(java.lang.String)[pri:0, instance:com.actitime.test.VerifyPageTitles@4bb4de6a]" name="launchApp" is-config="true" duration-ms="2388" started-at="2022-07-01T15:21:47 IST" finished-at="2022-07-01T15:21:49 IST">
          <params>
            <param index="0">
              <value>
                <![CDATA[chrome]]>
              </value>
            </param>
          </params>
          <reporter-output>
          </reporter-output>
        </test-method> <!-- launchApp -->
        <test-method status="PASS" signature="verifyloginPageTitles()[pri:0, instance:com.actitime.test.VerifyPageTitles@4bb4de6a]" name="verifyloginPageTitles" duration-ms="5268" started-at="2022-07-01T15:21:49 IST" finished-at="2022-07-01T15:21:55 IST">
          <reporter-output>
          </reporter-output>
        </test-method> <!-- verifyloginPageTitles -->
        <test-method status="PASS" signature="teardown()[pri:0, instance:com.actitime.test.VerifyPageTitles@4bb4de6a]" name="teardown" is-config="true" duration-ms="664" started-at="2022-07-01T15:21:55 IST" finished-at="2022-07-01T15:21:55 IST">
          <reporter-output>
          </reporter-output>
        </test-method> <!-- teardown -->
        <test-method status="PASS" signature="endExtentReport()[pri:0, instance:com.actitime.test.VerifyPageTitles@4bb4de6a]" name="endExtentReport" is-config="true" duration-ms="282" started-at="2022-07-01T15:21:55 IST" finished-at="2022-07-01T15:21:56 IST">
          <reporter-output>
          </reporter-output>
        </test-method> <!-- endExtentReport -->
      </class> <!-- com.actitime.test.VerifyPageTitles -->
    </test> <!-- Test -->
  </suite> <!-- Suite -->
</testng-results>
